build/app/intermediates/manifest_merge_blame_file/debug/manifest-merger-blame-debug-report.txt
1<?xml version="1.0" encoding="utf-8"?>
2<manifest xmlns:android="http://schemas.android.com/apk/res/android"
3    package="com.example.fitness0001"
4    android:versionCode="1"
5    android:versionName="1.0.0" >
6
7    <uses-sdk
8        android:minSdkVersion="23"
9        android:targetSdkVersion="33" />
10    <!--
11         The INTERNET permission is required for development. Specifically,
12         the Flutter tool needs it to communicate with the running application
13         to allow setting breakpoints, to provide hot reload, etc.
14    -->
15    <uses-permission android:name="android.permission.INTERNET" />
15-->src/main/AndroidManifest.xml:7:5-66
15-->src/main/AndroidManifest.xml:7:22-64
16    <uses-permission android:name="android.permission.BRIGHTNESS" />
16-->src/main/AndroidManifest.xml:2:5-69
16-->src/main/AndroidManifest.xml:2:22-66
17
18    <uses-feature
18-->src/main/AndroidManifest.xml:3:5-89
19        android:name="android.hardware.sensor.light"
19-->src/main/AndroidManifest.xml:3:19-63
20        android:required="true" />
20-->src/main/AndroidManifest.xml:3:64-87
21
22    <uses-permission android:name="android.permission.ACCESS_FINE_LOCATION" />
22-->src/main/AndroidManifest.xml:4:5-78
22-->src/main/AndroidManifest.xml:4:22-76
23    <uses-permission android:name="android.permission.ACCESS_COARSE_LOCATION" />
23-->src/main/AndroidManifest.xml:5:5-80
23-->src/main/AndroidManifest.xml:5:22-78
24    <uses-permission android:name="android.permission.ACTIVITY_RECOGNITION" />
24-->src/main/AndroidManifest.xml:6:5-78
24-->src/main/AndroidManifest.xml:6:22-76
25    <uses-permission android:name="android.permission.CAMERA" />
25-->src/main/AndroidManifest.xml:8:5-65
25-->src/main/AndroidManifest.xml:8:22-62
26    <uses-permission android:name="android.permission.READ_EXTERNAL_STORAGE" />
26-->src/main/AndroidManifest.xml:9:5-80
26-->src/main/AndroidManifest.xml:9:22-77
27    <!--
28 Required to query activities that can process text, see:
29         https://developer.android.com/training/package-visibility and
30         https://developer.android.com/reference/android/content/Intent#ACTION_PROCESS_TEXT.
31
32         In particular, this is used by the Flutter engine in io.flutter.plugin.text.ProcessTextPlugin.
33    -->
34    <queries>
34-->src/main/AndroidManifest.xml:53:5-58:15
35        <intent>
35-->src/main/AndroidManifest.xml:54:9-57:18
36            <action android:name="android.intent.action.PROCESS_TEXT" />
36-->src/main/AndroidManifest.xml:55:13-72
36-->src/main/AndroidManifest.xml:55:21-70
37
38            <data android:mimeType="text/plain" />
38-->src/main/AndroidManifest.xml:56:13-50
38-->src/main/AndroidManifest.xml:56:19-48
39        </intent>
40        <!-- Needs to be explicitly declared on Android R+ -->
41        <package android:name="com.google.android.apps.maps" />
41-->[com.google.android.gms:play-services-maps:18.2.0] AndroidManifest.xml:33:9-64
41-->[com.google.android.gms:play-services-maps:18.2.0] AndroidManifest.xml:33:18-61
42    </queries> <!-- Include required permissions for Google Maps API to run. -->
43    <uses-permission android:name="android.permission.ACCESS_NETWORK_STATE" />
43-->[com.google.android.gms:play-services-maps:18.2.0] AndroidManifest.xml:23:5-79
43-->[com.google.android.gms:play-services-maps:18.2.0] AndroidManifest.xml:23:22-76
44
45    <uses-feature
45-->[com.google.android.gms:play-services-maps:18.2.0] AndroidManifest.xml:26:5-28:35
46        android:glEsVersion="0x00020000"
46-->[com.google.android.gms:play-services-maps:18.2.0] AndroidManifest.xml:27:9-41
47        android:required="true" />
47-->[com.google.android.gms:play-services-maps:18.2.0] AndroidManifest.xml:28:9-32
48
49    <uses-permission android:name="com.google.android.providers.gsf.permission.READ_GSERVICES" />
49-->[com.google.android.recaptcha:recaptcha:18.4.0] AndroidManifest.xml:9:5-98
49-->[com.google.android.recaptcha:recaptcha:18.4.0] AndroidManifest.xml:9:22-95
50
51    <permission
51-->[androidx.core:core:1.13.1] AndroidManifest.xml:22:5-24:47
52        android:name="com.example.fitness0001.DYNAMIC_RECEIVER_NOT_EXPORTED_PERMISSION"
52-->[androidx.core:core:1.13.1] AndroidManifest.xml:23:9-81
53        android:protectionLevel="signature" />
53-->[androidx.core:core:1.13.1] AndroidManifest.xml:24:9-44
54
55    <uses-permission android:name="com.example.fitness0001.DYNAMIC_RECEIVER_NOT_EXPORTED_PERMISSION" />
55-->[androidx.core:core:1.13.1] AndroidManifest.xml:26:5-97
55-->[androidx.core:core:1.13.1] AndroidManifest.xml:26:22-94
56
57    <application
58        android:name="android.app.Application"
59        android:appComponentFactory="androidx.core.app.CoreComponentFactory"
59-->[androidx.core:core:1.13.1] AndroidManifest.xml:28:18-86
60        android:debuggable="true"
61        android:extractNativeLibs="false"
62        android:icon="@mipmap/ic_launcher"
63        android:label="fitness" >
64        <meta-data
65            android:name="com.google.android.geo.API_KEY"
66            android:value="AIzaSyDpMkP0t-BibGKWG9p8zD5JDgqH9XrZcc4" />
67
68        <activity
69            android:name="com.example.fitness0001.MainActivity"
70            android:configChanges="orientation|keyboardHidden|keyboard|screenSize|smallestScreenSize|locale|layoutDirection|fontScale|screenLayout|density|uiMode"
71            android:exported="true"
72            android:hardwareAccelerated="true"
73            android:launchMode="singleTop"
74            android:taskAffinity=""
75            android:theme="@style/LaunchTheme"
76            android:windowSoftInputMode="adjustResize" >
77
78            <!--
79                 Specifies an Android theme to apply to this Activity as soon as
80                 the Android process has started. This theme is visible to the user
81                 while the Flutter UI initializes. After that, this theme continues
82                 to determine the Window background behind the Flutter UI.
83            -->
84            <meta-data
85                android:name="io.flutter.embedding.android.NormalTheme"
86                android:resource="@style/NormalTheme" />
87
88            <intent-filter>
89                <action android:name="android.intent.action.MAIN" />
90
91                <category android:name="android.intent.category.LAUNCHER" />
92            </intent-filter>
93        </activity>
94        <!--
95             Don't delete the meta-data below.
96             This is used by the Flutter tool to generate GeneratedPluginRegistrant.java
97        -->
98        <meta-data
99            android:name="flutterEmbedding"
100            android:value="2" />
101
102        <service
102-->[:cloud_firestore] AndroidManifest.xml:8:9-12:19
103            android:name="com.google.firebase.components.ComponentDiscoveryService"
103-->[:cloud_firestore] AndroidManifest.xml:8:18-89
104            android:directBootAware="true"
104-->[com.google.firebase:firebase-common:21.0.0] AndroidManifest.xml:32:13-43
105            android:exported="false" >
105-->[com.google.firebase:firebase-auth:23.0.0] AndroidManifest.xml:68:13-37
106            <meta-data
106-->[:cloud_firestore] AndroidManifest.xml:9:13-11:85
107                android:name="com.google.firebase.components:io.flutter.plugins.firebase.firestore.FlutterFirebaseFirestoreRegistrar"
107-->[:cloud_firestore] AndroidManifest.xml:10:17-134
108                android:value="com.google.firebase.components.ComponentRegistrar" />
108-->[:cloud_firestore] AndroidManifest.xml:11:17-82
109            <meta-data
109-->[:firebase_auth] AndroidManifest.xml:9:13-11:85
110                android:name="com.google.firebase.components:io.flutter.plugins.firebase.auth.FlutterFirebaseAuthRegistrar"
110-->[:firebase_auth] AndroidManifest.xml:10:17-124
111                android:value="com.google.firebase.components.ComponentRegistrar" />
111-->[:firebase_auth] AndroidManifest.xml:11:17-82
112            <meta-data
112-->[:firebase_core] AndroidManifest.xml:9:13-11:85
113                android:name="com.google.firebase.components:io.flutter.plugins.firebase.core.FlutterFirebaseCoreRegistrar"
113-->[:firebase_core] AndroidManifest.xml:10:17-124
114                android:value="com.google.firebase.components.ComponentRegistrar" />
114-->[:firebase_core] AndroidManifest.xml:11:17-82
115            <meta-data
115-->[com.google.firebase:firebase-auth:23.0.0] AndroidManifest.xml:69:13-71:85
116                android:name="com.google.firebase.components:com.google.firebase.auth.FirebaseAuthRegistrar"
116-->[com.google.firebase:firebase-auth:23.0.0] AndroidManifest.xml:70:17-109
117                android:value="com.google.firebase.components.ComponentRegistrar" />
117-->[com.google.firebase:firebase-auth:23.0.0] AndroidManifest.xml:71:17-82
118            <meta-data
118-->[com.google.firebase:firebase-firestore:25.1.0] AndroidManifest.xml:17:13-19:85
119                android:name="com.google.firebase.components:com.google.firebase.firestore.FirebaseFirestoreKtxRegistrar"
119-->[com.google.firebase:firebase-firestore:25.1.0] AndroidManifest.xml:18:17-122
120                android:value="com.google.firebase.components.ComponentRegistrar" />
120-->[com.google.firebase:firebase-firestore:25.1.0] AndroidManifest.xml:19:17-82
121            <meta-data
121-->[com.google.firebase:firebase-firestore:25.1.0] AndroidManifest.xml:20:13-22:85
122                android:name="com.google.firebase.components:com.google.firebase.firestore.FirestoreRegistrar"
122-->[com.google.firebase:firebase-firestore:25.1.0] AndroidManifest.xml:21:17-111
123                android:value="com.google.firebase.components.ComponentRegistrar" />
123-->[com.google.firebase:firebase-firestore:25.1.0] AndroidManifest.xml:22:17-82
124            <meta-data
124-->[com.google.firebase:firebase-common-ktx:21.0.0] AndroidManifest.xml:12:13-14:85
125                android:name="com.google.firebase.components:com.google.firebase.ktx.FirebaseCommonLegacyRegistrar"
125-->[com.google.firebase:firebase-common-ktx:21.0.0] AndroidManifest.xml:13:17-116
126                android:value="com.google.firebase.components.ComponentRegistrar" />
126-->[com.google.firebase:firebase-common-ktx:21.0.0] AndroidManifest.xml:14:17-82
127            <meta-data
127-->[com.google.firebase:firebase-common:21.0.0] AndroidManifest.xml:35:13-37:85
128                android:name="com.google.firebase.components:com.google.firebase.FirebaseCommonKtxRegistrar"
128-->[com.google.firebase:firebase-common:21.0.0] AndroidManifest.xml:36:17-109
129                android:value="com.google.firebase.components.ComponentRegistrar" />
129-->[com.google.firebase:firebase-common:21.0.0] AndroidManifest.xml:37:17-82
130        </service>
131
132        <provider
132-->[:image_picker_android] AndroidManifest.xml:9:9-17:20
133            android:name="io.flutter.plugins.imagepicker.ImagePickerFileProvider"
133-->[:image_picker_android] AndroidManifest.xml:10:13-82
134            android:authorities="com.example.fitness0001.flutter.image_provider"
134-->[:image_picker_android] AndroidManifest.xml:11:13-74
135            android:exported="false"
135-->[:image_picker_android] AndroidManifest.xml:12:13-37
136            android:grantUriPermissions="true" >
136-->[:image_picker_android] AndroidManifest.xml:13:13-47
137            <meta-data
137-->[:image_picker_android] AndroidManifest.xml:14:13-16:75
138                android:name="android.support.FILE_PROVIDER_PATHS"
138-->[:image_picker_android] AndroidManifest.xml:15:17-67
139                android:resource="@xml/flutter_image_picker_file_paths" />
139-->[:image_picker_android] AndroidManifest.xml:16:17-72
140        </provider> <!-- Trigger Google Play services to install the backported photo picker module. -->
141        <service
141-->[:image_picker_android] AndroidManifest.xml:19:9-31:19
142            android:name="com.google.android.gms.metadata.ModuleDependencies"
142-->[:image_picker_android] AndroidManifest.xml:20:13-78
143            android:enabled="false"
143-->[:image_picker_android] AndroidManifest.xml:21:13-36
144            android:exported="false" >
144-->[:image_picker_android] AndroidManifest.xml:22:13-37
145            <intent-filter>
145-->[:image_picker_android] AndroidManifest.xml:24:13-26:29
146                <action android:name="com.google.android.gms.metadata.MODULE_DEPENDENCIES" />
146-->[:image_picker_android] AndroidManifest.xml:25:17-94
146-->[:image_picker_android] AndroidManifest.xml:25:25-91
147            </intent-filter>
148
149            <meta-data
149-->[:image_picker_android] AndroidManifest.xml:28:13-30:36
150                android:name="photopicker_activity:0:required"
150-->[:image_picker_android] AndroidManifest.xml:29:17-63
151                android:value="" />
151-->[:image_picker_android] AndroidManifest.xml:30:17-33
152        </service>
153        <service
153-->[:geolocator_android] AndroidManifest.xml:8:9-12:56
154            android:name="com.baseflow.geolocator.GeolocatorLocationService"
154-->[:geolocator_android] AndroidManifest.xml:9:13-77
155            android:enabled="true"
155-->[:geolocator_android] AndroidManifest.xml:10:13-35
156            android:exported="false"
156-->[:geolocator_android] AndroidManifest.xml:11:13-37
157            android:foregroundServiceType="location" />
157-->[:geolocator_android] AndroidManifest.xml:12:13-53
158
159        <activity
159-->[:url_launcher_android] AndroidManifest.xml:8:9-11:74
160            android:name="io.flutter.plugins.urllauncher.WebViewActivity"
160-->[:url_launcher_android] AndroidManifest.xml:9:13-74
161            android:exported="false"
161-->[:url_launcher_android] AndroidManifest.xml:10:13-37
162            android:theme="@android:style/Theme.NoTitleBar.Fullscreen" /> <!-- Needs to be explicitly declared on P+ -->
162-->[:url_launcher_android] AndroidManifest.xml:11:13-71
163        <uses-library
163-->[com.google.android.gms:play-services-maps:18.2.0] AndroidManifest.xml:39:9-41:40
164            android:name="org.apache.http.legacy"
164-->[com.google.android.gms:play-services-maps:18.2.0] AndroidManifest.xml:40:13-50
165            android:required="false" />
165-->[com.google.android.gms:play-services-maps:18.2.0] AndroidManifest.xml:41:13-37
166
167        <activity
167-->[com.google.firebase:firebase-auth:23.0.0] AndroidManifest.xml:29:9-46:20
168            android:name="com.google.firebase.auth.internal.GenericIdpActivity"
168-->[com.google.firebase:firebase-auth:23.0.0] AndroidManifest.xml:30:13-80
169            android:excludeFromRecents="true"
169-->[com.google.firebase:firebase-auth:23.0.0] AndroidManifest.xml:31:13-46
170            android:exported="true"
170-->[com.google.firebase:firebase-auth:23.0.0] AndroidManifest.xml:32:13-36
171            android:launchMode="singleTask"
171-->[com.google.firebase:firebase-auth:23.0.0] AndroidManifest.xml:33:13-44
172            android:theme="@android:style/Theme.Translucent.NoTitleBar" >
172-->[com.google.firebase:firebase-auth:23.0.0] AndroidManifest.xml:34:13-72
173            <intent-filter>
173-->[com.google.firebase:firebase-auth:23.0.0] AndroidManifest.xml:35:13-45:29
174                <action android:name="android.intent.action.VIEW" />
174-->[com.google.firebase:firebase-auth:23.0.0] AndroidManifest.xml:36:17-69
174-->[com.google.firebase:firebase-auth:23.0.0] AndroidManifest.xml:36:25-66
175
176                <category android:name="android.intent.category.DEFAULT" />
176-->[com.google.firebase:firebase-auth:23.0.0] AndroidManifest.xml:38:17-76
176-->[com.google.firebase:firebase-auth:23.0.0] AndroidManifest.xml:38:27-73
177                <category android:name="android.intent.category.BROWSABLE" />
177-->[com.google.firebase:firebase-auth:23.0.0] AndroidManifest.xml:39:17-78
177-->[com.google.firebase:firebase-auth:23.0.0] AndroidManifest.xml:39:27-75
178
179                <data
179-->src/main/AndroidManifest.xml:56:13-50
180                    android:host="firebase.auth"
181                    android:path="/"
182                    android:scheme="genericidp" />
183            </intent-filter>
184        </activity>
185        <activity
185-->[com.google.firebase:firebase-auth:23.0.0] AndroidManifest.xml:47:9-64:20
186            android:name="com.google.firebase.auth.internal.RecaptchaActivity"
186-->[com.google.firebase:firebase-auth:23.0.0] AndroidManifest.xml:48:13-79
187            android:excludeFromRecents="true"
187-->[com.google.firebase:firebase-auth:23.0.0] AndroidManifest.xml:49:13-46
188            android:exported="true"
188-->[com.google.firebase:firebase-auth:23.0.0] AndroidManifest.xml:50:13-36
189            android:launchMode="singleTask"
189-->[com.google.firebase:firebase-auth:23.0.0] AndroidManifest.xml:51:13-44
190            android:theme="@android:style/Theme.Translucent.NoTitleBar" >
190-->[com.google.firebase:firebase-auth:23.0.0] AndroidManifest.xml:52:13-72
191            <intent-filter>
191-->[com.google.firebase:firebase-auth:23.0.0] AndroidManifest.xml:53:13-63:29
192                <action android:name="android.intent.action.VIEW" />
192-->[com.google.firebase:firebase-auth:23.0.0] AndroidManifest.xml:36:17-69
192-->[com.google.firebase:firebase-auth:23.0.0] AndroidManifest.xml:36:25-66
193
194                <category android:name="android.intent.category.DEFAULT" />
194-->[com.google.firebase:firebase-auth:23.0.0] AndroidManifest.xml:38:17-76
194-->[com.google.firebase:firebase-auth:23.0.0] AndroidManifest.xml:38:27-73
195                <category android:name="android.intent.category.BROWSABLE" />
195-->[com.google.firebase:firebase-auth:23.0.0] AndroidManifest.xml:39:17-78
195-->[com.google.firebase:firebase-auth:23.0.0] AndroidManifest.xml:39:27-75
196
197                <data
197-->src/main/AndroidManifest.xml:56:13-50
198                    android:host="firebase.auth"
199                    android:path="/"
200                    android:scheme="recaptcha" />
201            </intent-filter>
202        </activity>
203
204        <service
204-->[androidx.credentials:credentials-play-services-auth:1.2.0-rc01] AndroidManifest.xml:24:9-32:19
205            android:name="androidx.credentials.playservices.CredentialProviderMetadataHolder"
205-->[androidx.credentials:credentials-play-services-auth:1.2.0-rc01] AndroidManifest.xml:25:13-94
206            android:enabled="true"
206-->[androidx.credentials:credentials-play-services-auth:1.2.0-rc01] AndroidManifest.xml:26:13-35
207            android:exported="false" >
207-->[androidx.credentials:credentials-play-services-auth:1.2.0-rc01] AndroidManifest.xml:27:13-37
208            <meta-data
208-->[androidx.credentials:credentials-play-services-auth:1.2.0-rc01] AndroidManifest.xml:29:13-31:104
209                android:name="androidx.credentials.CREDENTIAL_PROVIDER_KEY"
209-->[androidx.credentials:credentials-play-services-auth:1.2.0-rc01] AndroidManifest.xml:30:17-76
210                android:value="androidx.credentials.playservices.CredentialProviderPlayServicesImpl" />
210-->[androidx.credentials:credentials-play-services-auth:1.2.0-rc01] AndroidManifest.xml:31:17-101
211        </service>
212
213        <activity
213-->[androidx.credentials:credentials-play-services-auth:1.2.0-rc01] AndroidManifest.xml:34:9-41:20
214            android:name="androidx.credentials.playservices.HiddenActivity"
214-->[androidx.credentials:credentials-play-services-auth:1.2.0-rc01] AndroidManifest.xml:35:13-76
215            android:configChanges="orientation|screenSize|screenLayout|keyboardHidden"
215-->[androidx.credentials:credentials-play-services-auth:1.2.0-rc01] AndroidManifest.xml:36:13-87
216            android:enabled="true"
216-->[androidx.credentials:credentials-play-services-auth:1.2.0-rc01] AndroidManifest.xml:37:13-35
217            android:exported="false"
217-->[androidx.credentials:credentials-play-services-auth:1.2.0-rc01] AndroidManifest.xml:38:13-37
218            android:fitsSystemWindows="true"
218-->[androidx.credentials:credentials-play-services-auth:1.2.0-rc01] AndroidManifest.xml:39:13-45
219            android:theme="@style/Theme.Hidden" >
219-->[androidx.credentials:credentials-play-services-auth:1.2.0-rc01] AndroidManifest.xml:40:13-48
220        </activity>
221        <activity
221-->[com.google.android.gms:play-services-auth:20.7.0] AndroidManifest.xml:23:9-27:75
222            android:name="com.google.android.gms.auth.api.signin.internal.SignInHubActivity"
222-->[com.google.android.gms:play-services-auth:20.7.0] AndroidManifest.xml:24:13-93
223            android:excludeFromRecents="true"
223-->[com.google.android.gms:play-services-auth:20.7.0] AndroidManifest.xml:25:13-46
224            android:exported="false"
224-->[com.google.android.gms:play-services-auth:20.7.0] AndroidManifest.xml:26:13-37
225            android:theme="@android:style/Theme.Translucent.NoTitleBar" />
225-->[com.google.android.gms:play-services-auth:20.7.0] AndroidManifest.xml:27:13-72
226        <!--
227            Service handling Google Sign-In user revocation. For apps that do not integrate with
228            Google Sign-In, this service will never be started.
229        -->
230        <service
230-->[com.google.android.gms:play-services-auth:20.7.0] AndroidManifest.xml:33:9-37:51
231            android:name="com.google.android.gms.auth.api.signin.RevocationBoundService"
231-->[com.google.android.gms:play-services-auth:20.7.0] AndroidManifest.xml:34:13-89
232            android:exported="true"
232-->[com.google.android.gms:play-services-auth:20.7.0] AndroidManifest.xml:35:13-36
233            android:permission="com.google.android.gms.auth.api.signin.permission.REVOCATION_NOTIFICATION"
233-->[com.google.android.gms:play-services-auth:20.7.0] AndroidManifest.xml:36:13-107
234            android:visibleToInstantApps="true" />
234-->[com.google.android.gms:play-services-auth:20.7.0] AndroidManifest.xml:37:13-48
235
236        <activity
236-->[com.google.android.gms:play-services-base:18.3.0] AndroidManifest.xml:20:9-22:45
237            android:name="com.google.android.gms.common.api.GoogleApiActivity"
237-->[com.google.android.gms:play-services-base:18.3.0] AndroidManifest.xml:20:19-85
238            android:exported="false"
238-->[com.google.android.gms:play-services-base:18.3.0] AndroidManifest.xml:22:19-43
239            android:theme="@android:style/Theme.Translucent.NoTitleBar" />
239-->[com.google.android.gms:play-services-base:18.3.0] AndroidManifest.xml:21:19-78
240
241        <provider
241-->[com.google.firebase:firebase-common:21.0.0] AndroidManifest.xml:23:9-28:39
242            android:name="com.google.firebase.provider.FirebaseInitProvider"
242-->[com.google.firebase:firebase-common:21.0.0] AndroidManifest.xml:24:13-77
243            android:authorities="com.example.fitness0001.firebaseinitprovider"
243-->[com.google.firebase:firebase-common:21.0.0] AndroidManifest.xml:25:13-72
244            android:directBootAware="true"
244-->[com.google.firebase:firebase-common:21.0.0] AndroidManifest.xml:26:13-43
245            android:exported="false"
245-->[com.google.firebase:firebase-common:21.0.0] AndroidManifest.xml:27:13-37
246            android:initOrder="100" />
246-->[com.google.firebase:firebase-common:21.0.0] AndroidManifest.xml:28:13-36
247
248        <uses-library
248-->[androidx.window:window:1.2.0] AndroidManifest.xml:23:9-25:40
249            android:name="androidx.window.extensions"
249-->[androidx.window:window:1.2.0] AndroidManifest.xml:24:13-54
250            android:required="false" />
250-->[androidx.window:window:1.2.0] AndroidManifest.xml:25:13-37
251        <uses-library
251-->[androidx.window:window:1.2.0] AndroidManifest.xml:26:9-28:40
252            android:name="androidx.window.sidecar"
252-->[androidx.window:window:1.2.0] AndroidManifest.xml:27:13-51
253            android:required="false" />
253-->[androidx.window:window:1.2.0] AndroidManifest.xml:28:13-37
254
255        <meta-data
255-->[com.google.android.gms:play-services-basement:18.3.0] AndroidManifest.xml:21:9-23:69
256            android:name="com.google.android.gms.version"
256-->[com.google.android.gms:play-services-basement:18.3.0] AndroidManifest.xml:22:13-58
257            android:value="@integer/google_play_services_version" />
257-->[com.google.android.gms:play-services-basement:18.3.0] AndroidManifest.xml:23:13-66
258
259        <provider
259-->[androidx.lifecycle:lifecycle-process:2.7.0] AndroidManifest.xml:24:9-32:20
260            android:name="androidx.startup.InitializationProvider"
260-->[androidx.lifecycle:lifecycle-process:2.7.0] AndroidManifest.xml:25:13-67
261            android:authorities="com.example.fitness0001.androidx-startup"
261-->[androidx.lifecycle:lifecycle-process:2.7.0] AndroidManifest.xml:26:13-68
262            android:exported="false" >
262-->[androidx.lifecycle:lifecycle-process:2.7.0] AndroidManifest.xml:27:13-37
263            <meta-data
263-->[androidx.lifecycle:lifecycle-process:2.7.0] AndroidManifest.xml:29:13-31:52
264                android:name="androidx.lifecycle.ProcessLifecycleInitializer"
264-->[androidx.lifecycle:lifecycle-process:2.7.0] AndroidManifest.xml:30:17-78
265                android:value="androidx.startup" />
265-->[androidx.lifecycle:lifecycle-process:2.7.0] AndroidManifest.xml:31:17-49
266            <meta-data
266-->[androidx.profileinstaller:profileinstaller:1.3.1] AndroidManifest.xml:29:13-31:52
267                android:name="androidx.profileinstaller.ProfileInstallerInitializer"
267-->[androidx.profileinstaller:profileinstaller:1.3.1] AndroidManifest.xml:30:17-85
268                android:value="androidx.startup" />
268-->[androidx.profileinstaller:profileinstaller:1.3.1] AndroidManifest.xml:31:17-49
269        </provider>
270
271        <receiver
271-->[androidx.profileinstaller:profileinstaller:1.3.1] AndroidManifest.xml:34:9-52:20
272            android:name="androidx.profileinstaller.ProfileInstallReceiver"
272-->[androidx.profileinstaller:profileinstaller:1.3.1] AndroidManifest.xml:35:13-76
273            android:directBootAware="false"
273-->[androidx.profileinstaller:profileinstaller:1.3.1] AndroidManifest.xml:36:13-44
274            android:enabled="true"
274-->[androidx.profileinstaller:profileinstaller:1.3.1] AndroidManifest.xml:37:13-35
275            android:exported="true"
275-->[androidx.profileinstaller:profileinstaller:1.3.1] AndroidManifest.xml:38:13-36
276            android:permission="android.permission.DUMP" >
276-->[androidx.profileinstaller:profileinstaller:1.3.1] AndroidManifest.xml:39:13-57
277            <intent-filter>
277-->[androidx.profileinstaller:profileinstaller:1.3.1] AndroidManifest.xml:40:13-42:29
278                <action android:name="androidx.profileinstaller.action.INSTALL_PROFILE" />
278-->[androidx.profileinstaller:profileinstaller:1.3.1] AndroidManifest.xml:41:17-91
278-->[androidx.profileinstaller:profileinstaller:1.3.1] AndroidManifest.xml:41:25-88
279            </intent-filter>
280            <intent-filter>
280-->[androidx.profileinstaller:profileinstaller:1.3.1] AndroidManifest.xml:43:13-45:29
281                <action android:name="androidx.profileinstaller.action.SKIP_FILE" />
281-->[androidx.profileinstaller:profileinstaller:1.3.1] AndroidManifest.xml:44:17-85
281-->[androidx.profileinstaller:profileinstaller:1.3.1] AndroidManifest.xml:44:25-82
282            </intent-filter>
283            <intent-filter>
283-->[androidx.profileinstaller:profileinstaller:1.3.1] AndroidManifest.xml:46:13-48:29
284                <action android:name="androidx.profileinstaller.action.SAVE_PROFILE" />
284-->[androidx.profileinstaller:profileinstaller:1.3.1] AndroidManifest.xml:47:17-88
284-->[androidx.profileinstaller:profileinstaller:1.3.1] AndroidManifest.xml:47:25-85
285            </intent-filter>
286            <intent-filter>
286-->[androidx.profileinstaller:profileinstaller:1.3.1] AndroidManifest.xml:49:13-51:29
287                <action android:name="androidx.profileinstaller.action.BENCHMARK_OPERATION" />
287-->[androidx.profileinstaller:profileinstaller:1.3.1] AndroidManifest.xml:50:17-95
287-->[androidx.profileinstaller:profileinstaller:1.3.1] AndroidManifest.xml:50:25-92
288            </intent-filter>
289        </receiver>
290    </application>
291
292</manifest>